<?xml version="1.0" encoding="UTF-8"?>
<!-- Generated by org.testng.reporters.JUnitReportReporter -->
<testsuite skipped="0" hostname="DESKTOP-E9QP468" name="testcases.Testcases" tests="1" failures="0" timestamp="05 Dec 2019 07:34:57 GMT" time="4.431" errors="0">
  <testcase name="Tc_Adduser" time="4.431" classname="testcases.Testcases"/>
</testsuite> <!-- testcases.Testcases -->
