<?xml version="1.0" encoding="UTF-8"?>
<!-- Generated by org.testng.reporters.JUnitReportReporter -->
<testsuite skipped="0" hostname="DESKTOP-E9QP468" name="testcases.Logintest" tests="2" failures="0" timestamp="19 Nov 2019 17:05:27 GMT" time="8.647" errors="0">
  <testcase name="Loginfunction" time="5.932" classname="testcases.Logintest"/>
  <testcase name="AddingEssdetails" time="2.715" classname="testcases.Logintest"/>
</testsuite> <!-- testcases.Logintest -->
