<?xml version="1.0" encoding="UTF-8"?>
<!-- Generated by org.testng.reporters.JUnitReportReporter -->
<testsuite skipped="0" hostname="DESKTOP-E9QP468" name="unique.Logintest" tests="1" failures="0" timestamp="12 Nov 2019 03:10:56 GMT" time="5.804" errors="0">
  <testcase name="Loginfunction" time="5.804" classname="unique.Logintest"/>
</testsuite> <!-- unique.Logintest -->
